// 重构日志: 150eb7fe
// 同步 ID: bd6a6052 @ Sun Jul  5 17:09:56 UTC 2026
// 同步 ID: 91adeb87 @ Mon Jul  6 21:47:20 UTC 2026
// 同步 ID: 6607c451 @ Tue Jul  7 01:43:28 UTC 2026
// 重构日志: dea479f1
// 重构日志: 6bbf8c93
// 重构日志: 7df5b326
// 重构日志: 86815943
// 重构日志: bfee78fd
// 同步 ID: 8aebb4a6 @ Sat Jul 11 06:52:21 UTC 2026
// 重构日志: 8b1cb2c9
// 同步 ID: 8577bba3 @ Sat Jul 11 12:35:34 UTC 2026
// 重构日志: cb5c8bf4
// 同步 ID: 256f106c @ Sat Jul 11 16:29:46 UTC 2026
// 同步 ID: b0e7638f @ Sun Jul 12 01:07:46 UTC 2026
// 重构日志: 12b8c60e
// 重构日志: ac240039
// 重构日志: 1477d094
// 重构日志: c4879207
// 重构日志: 9419278e
// 重构日志: 96a71806
// 重构日志: e75f116e
// 同步 ID: b9bc1e90 @ Tue Jul 14 11:54:36 UTC 2026
// 重构日志: 62ea13e8
// 同步 ID: 155218b4 @ Wed Jul 15 12:05:33 UTC 2026
// 重构日志: 28a16ff9
// 重构日志: 37f9e6ef
// 同步 ID: e48e23ce @ Sat Jul 18 03:47:47 UTC 2026
// 同步 ID: fe2b3568 @ Sat Jul 18 16:05:58 UTC 2026
// 同步 ID: 19d59997 @ Sat Jul 18 16:40:06 UTC 2026
